<?xml version="1.0" encoding="UTF-8"?>
<!-- Generated by org.testng.reporters.JUnitXMLReporter -->
<testsuite hostname="sks-PC" ignored="0" name="Test" tests="10" failures="0" timestamp="2020-11-27T13:45:46 IST" time="63.403" errors="0">
  <testcase name="ValidateCreate" time="0.574" classname="Script.TestScript"/>
  <testcase name="ValidateCreateaccount" time="0.081" classname="Script.TestScript"/>
  <testcase name="ValidateDay" time="4.596" classname="Script.TestScript"/>
  <testcase name="ValidateMonth" time="0.185" classname="Script.TestScript"/>
  <testcase name="ValidateRadio" time="0.233" classname="Script.TestScript"/>
  <testcase name="ValidateTitle" time="0.006" classname="Script.TestScript"/>
  <testcase name="ValidateUrl" time="0.008" classname="Script.TestScript"/>
  <testcase name="Validateyear" time="0.112" classname="Script.TestScript"/>
  <testcase name="validateFirstname" time="3.768" classname="Script.TestScript"/>
  <testcase name="validateSurname" time="0.145" classname="Script.TestScript"/>
</testsuite> <!-- Test -->
